<?xml version="1.0" encoding="UTF-8"?>
<testsuite name="Cart Test"
           tests="2"
           failures="0"
           errors="0"
           skipped="0"
           time="1.134">
  <properties />
  
  
            <testcase name="userShouldLoginSuccessfullyWithValid" time="0.569" classname="com.saucedemo.sw.testsuite.LoginPageTest" />
                <testcase name="verifyThatSixProductsAreDisplayedOnPage" time="0.565" classname="com.saucedemo.sw.testsuite.LoginPageTest" />
      
</testsuite>
